<?xml version="1.0" encoding="UTF-8"?>
<testsuite name="com.vending.machine.VendingMachineTest" tests="7" skipped="0" failures="0" errors="0" timestamp="2021-01-22T19:58:49" hostname="LTUS135768" time="0.018">
  <properties/>
  <testcase name="getItemAndChangeIfHadBalance_Customer" classname="com.vending.machine.VendingMachineTest" time="0.011"/>
  <testcase name="addItemsToVendingMachine_Administrator" classname="com.vending.machine.VendingMachineTest" time="0.0"/>
  <testcase name="checkIfNonExistentItemInStock_Customer" classname="com.vending.machine.VendingMachineTest" time="0.0"/>
  <testcase name="cancelItemFullAmountRefunded_Customer" classname="com.vending.machine.VendingMachineTest" time="0.0"/>
  <testcase name="checkNoItemsInStockIsEmpty_Administrator" classname="com.vending.machine.VendingMachineTest" time="0.003"/>
  <testcase name="insufficientFundWhenBuyingAnItem_Customer" classname="com.vending.machine.VendingMachineTest" time="0.0"/>
  <testcase name="checkAvailableItemsInStock_Customer" classname="com.vending.machine.VendingMachineTest" time="0.0"/>
  <system-out><![CDATA[]]></system-out>
  <system-err><![CDATA[]]></system-err>
</testsuite>
