<?xml version="1.0" encoding="UTF-8"?>
<testsuite name="com.vending.machine.VendingMachineTest" tests="2" skipped="0" failures="0" errors="0" timestamp="2021-01-22T17:09:21" hostname="LTUS135768" time="0.008">
  <properties/>
  <testcase name="addItemsToVendingMachine" classname="com.vending.machine.VendingMachineTest" time="0.008"/>
  <testcase name="checkNoItemsInStockIsEmpty" classname="com.vending.machine.VendingMachineTest" time="0.0"/>
  <system-out><![CDATA[]]></system-out>
  <system-err><![CDATA[]]></system-err>
</testsuite>
